WARNING:werkzeug: * Debugger is active!
INFO:werkzeug: * Debugger PIN: 270-274-400
INFO:werkzeug:127.0.0.1 - - [11/Jul/2023 19:20:28] "GET /migrate HTTP/1.1" 200 -
INFO:werkzeug:127.0.0.1 - - [11/Jul/2023 19:20:28] "[36mGET /static/css/custom.css HTTP/1.1[0m" 304 -
INFO:azure.core.pipeline.policies.http_logging_policy:Request URL: 'https://login.microsoftonline.com:443/86c63279-22a0-4ae4-8f75-b916ba629445/v2.0/.well-known/openid-configuration'
Request method: 'GET'
Request headers:
    'User-Agent': 'azsdk-python-identity/1.12.0 Python/3.10.11 (Windows-10-10.0.22621-SP0)'
No body was attached to the request
INFO:azure.core.pipeline.policies.http_logging_policy:Response status: 200
Response headers:
    'Cache-Control': 'max-age=86400, private'
    'Content-Type': 'application/json; charset=utf-8'
    'Strict-Transport-Security': 'REDACTED'
    'X-Content-Type-Options': 'REDACTED'
    'Access-Control-Allow-Origin': 'REDACTED'
    'Access-Control-Allow-Methods': 'REDACTED'
    'P3P': 'REDACTED'
    'x-ms-request-id': '38610d1d-232a-4056-9b9e-e019f8e64d01'
    'x-ms-ests-server': 'REDACTED'
    'X-XSS-Protection': 'REDACTED'
    'Set-Cookie': 'REDACTED'
    'Date': 'Tue, 11 Jul 2023 23:20:28 GMT'
    'Content-Length': '1753'
INFO:azure.core.pipeline.policies.http_logging_policy:Request URL: 'https://login.microsoftonline.com/common/discovery/instance?api-version=REDACTED&authorization_endpoint=REDACTED'
Request method: 'GET'
Request headers:
    'Accept': 'application/json'
    'User-Agent': 'azsdk-python-identity/1.12.0 Python/3.10.11 (Windows-10-10.0.22621-SP0)'
No body was attached to the request
INFO:azure.core.pipeline.policies.http_logging_policy:Response status: 200
Response headers:
    'Cache-Control': 'max-age=86400, private'
    'Content-Type': 'application/json; charset=utf-8'
    'Strict-Transport-Security': 'REDACTED'
    'X-Content-Type-Options': 'REDACTED'
    'Access-Control-Allow-Origin': 'REDACTED'
    'Access-Control-Allow-Methods': 'REDACTED'
    'P3P': 'REDACTED'
    'x-ms-request-id': '00bc8593-38d6-4039-9daf-0fdfa6c19601'
    'x-ms-ests-server': 'REDACTED'
    'X-XSS-Protection': 'REDACTED'
    'Set-Cookie': 'REDACTED'
    'Date': 'Tue, 11 Jul 2023 23:20:28 GMT'
    'Content-Length': '945'
INFO:azure.core.pipeline.policies.http_logging_policy:Request URL: 'https://login.microsoftonline.com/86c63279-22a0-4ae4-8f75-b916ba629445/oauth2/v2.0/token'
Request method: 'POST'
Request headers:
    'Accept': 'application/json'
    'x-client-sku': 'REDACTED'
    'x-client-ver': 'REDACTED'
    'x-client-os': 'REDACTED'
    'x-client-cpu': 'REDACTED'
    'x-ms-lib-capability': 'REDACTED'
    'client-request-id': 'REDACTED'
    'x-client-current-telemetry': 'REDACTED'
    'x-client-last-telemetry': 'REDACTED'
    'User-Agent': 'azsdk-python-identity/1.12.0 Python/3.10.11 (Windows-10-10.0.22621-SP0)'
A body is sent with the request
INFO:azure.core.pipeline.policies.http_logging_policy:Response status: 200
Response headers:
    'Cache-Control': 'no-store, no-cache'
    'Pragma': 'no-cache'
    'Content-Type': 'application/json; charset=utf-8'
    'Expires': '-1'
    'Strict-Transport-Security': 'REDACTED'
    'X-Content-Type-Options': 'REDACTED'
    'P3P': 'REDACTED'
    'client-request-id': 'REDACTED'
    'x-ms-request-id': '38610d1d-232a-4056-9b9e-e019fce64d01'
    'x-ms-ests-server': 'REDACTED'
    'x-ms-clitelem': 'REDACTED'
    'X-XSS-Protection': 'REDACTED'
    'Set-Cookie': 'REDACTED'
    'Date': 'Tue, 11 Jul 2023 23:20:28 GMT'
    'Content-Length': '1391'
INFO:azure.identity._internal.get_token_mixin:ClientSecretCredential.get_token succeeded
INFO:azure.core.pipeline.policies.http_logging_policy:Request URL: 'https://management.azure.com/subscriptions?api-version=REDACTED'
Request method: 'GET'
Request headers:
    'Accept': 'application/json'
    'x-ms-client-request-id': '85ced534-2041-11ee-ba08-c4bde5b89498'
    'User-Agent': 'azsdk-python-mgmt-subscription/3.1.1 Python/3.10.11 (Windows-10-10.0.22621-SP0)'
    'Authorization': 'REDACTED'
No body was attached to the request
INFO:azure.core.pipeline.policies.http_logging_policy:Response status: 200
Response headers:
    'Cache-Control': 'no-cache'
    'Pragma': 'no-cache'
    'Content-Type': 'application/json; charset=utf-8'
    'Content-Encoding': 'REDACTED'
    'Expires': '-1'
    'Vary': 'REDACTED'
    'x-ms-ratelimit-remaining-tenant-reads': '11999'
    'x-ms-request-id': 'd84c4bd1-029b-4b7b-b957-d7e06b88750a'
    'x-ms-correlation-request-id': 'REDACTED'
    'x-ms-routing-request-id': 'REDACTED'
    'Strict-Transport-Security': 'REDACTED'
    'X-Content-Type-Options': 'REDACTED'
    'Date': 'Tue, 11 Jul 2023 23:20:29 GMT'
    'Content-Length': '521'
INFO:werkzeug:127.0.0.1 - - [11/Jul/2023 19:20:29] "GET /subscriptions HTTP/1.1" 200 -
INFO:azure.identity._internal.get_token_mixin:ClientSecretCredential.get_token succeeded
INFO:azure.core.pipeline.policies.http_logging_policy:Request URL: 'https://management.azure.com/subscriptions/c8bc39b5-8f1b-4d8e-92e3-35e2a5bb8c31/providers/Microsoft.Network/virtualWans?api-version=REDACTED'
Request method: 'GET'
Request headers:
    'Accept': 'application/json'
    'x-ms-client-request-id': '87b3073a-2041-11ee-9723-c4bde5b89498'
    'User-Agent': 'azsdk-python-mgmt-network/23.0.1 Python/3.10.11 (Windows-10-10.0.22621-SP0)'
    'Authorization': 'REDACTED'
No body was attached to the request
INFO:azure.identity._internal.get_token_mixin:ClientSecretCredential.get_token succeeded
INFO:azure.core.pipeline.policies.http_logging_policy:Request URL: 'https://management.azure.com/subscriptions/c8bc39b5-8f1b-4d8e-92e3-35e2a5bb8c31/resources?$filter=REDACTED&api-version=REDACTED'
Request method: 'GET'
Request headers:
    'Accept': 'application/json'
    'x-ms-client-request-id': '87b5e674-2041-11ee-9393-c4bde5b89498'
    'User-Agent': 'azsdk-python-azure-mgmt-resource/23.0.0 Python/3.10.11 (Windows-10-10.0.22621-SP0)'
    'Authorization': 'REDACTED'
No body was attached to the request
INFO:azure.core.pipeline.policies.http_logging_policy:Response status: 200
Response headers:
    'Cache-Control': 'no-cache'
    'Pragma': 'no-cache'
    'Content-Type': 'application/json; charset=utf-8'
    'Content-Encoding': 'REDACTED'
    'Expires': '-1'
    'Vary': 'REDACTED'
    'x-ms-ratelimit-remaining-subscription-reads': '11999'
    'x-ms-request-id': '05c5c01f-e8a8-4a38-a14e-914e8fd35725'
    'x-ms-correlation-request-id': 'REDACTED'
    'x-ms-routing-request-id': 'REDACTED'
    'Strict-Transport-Security': 'REDACTED'
    'X-Content-Type-Options': 'REDACTED'
    'Date': 'Tue, 11 Jul 2023 23:20:31 GMT'
    'Content-Length': '395'
INFO:werkzeug:127.0.0.1 - - [11/Jul/2023 19:20:31] "POST /vnets HTTP/1.1" 200 -
INFO:azure.core.pipeline.policies.http_logging_policy:Response status: 200
Response headers:
    'Cache-Control': 'no-cache'
    'Pragma': 'no-cache'
    'Transfer-Encoding': 'chunked'
    'Content-Type': 'application/json; charset=utf-8'
    'Content-Encoding': 'REDACTED'
    'Expires': '-1'
    'Vary': 'REDACTED'
    'x-ms-request-id': '1d7a9d4e-d61d-4956-b03f-d3cad008ae81'
    'x-ms-correlation-request-id': 'REDACTED'
    'x-ms-arm-service-request-id': 'REDACTED'
    'Strict-Transport-Security': 'REDACTED'
    'Server': 'Microsoft-HTTPAPI/2.0, Microsoft-HTTPAPI/2.0'
    'x-ms-ratelimit-remaining-subscription-reads': '11999'
    'x-ms-routing-request-id': 'REDACTED'
    'X-Content-Type-Options': 'REDACTED'
    'Date': 'Tue, 11 Jul 2023 23:20:32 GMT'
INFO:azure.identity._internal.get_token_mixin:ClientSecretCredential.get_token succeeded
INFO:azure.core.pipeline.policies.http_logging_policy:Request URL: 'https://management.azure.com/subscriptions/c8bc39b5-8f1b-4d8e-92e3-35e2a5bb8c31/providers/Microsoft.Network/virtualHubs?api-version=REDACTED'
Request method: 'GET'
Request headers:
    'Accept': 'application/json'
    'x-ms-client-request-id': '87e58b37-2041-11ee-8c6c-c4bde5b89498'
    'User-Agent': 'azsdk-python-mgmt-network/23.0.1 Python/3.10.11 (Windows-10-10.0.22621-SP0)'
    'Authorization': 'REDACTED'
No body was attached to the request
INFO:azure.core.pipeline.policies.http_logging_policy:Response status: 200
Response headers:
    'Cache-Control': 'no-cache'
    'Pragma': 'no-cache'
    'Transfer-Encoding': 'chunked'
    'Content-Type': 'application/json; charset=utf-8'
    'Content-Encoding': 'REDACTED'
    'Expires': '-1'
    'Vary': 'REDACTED'
    'x-ms-request-id': '32aada21-795e-48fc-b1fe-0ba898961ead'
    'x-ms-correlation-request-id': 'REDACTED'
    'x-ms-arm-service-request-id': 'REDACTED'
    'Strict-Transport-Security': 'REDACTED'
    'Server': 'Microsoft-HTTPAPI/2.0, Microsoft-HTTPAPI/2.0'
    'x-ms-ratelimit-remaining-subscription-reads': '11999'
    'x-ms-routing-request-id': 'REDACTED'
    'X-Content-Type-Options': 'REDACTED'
    'Date': 'Tue, 11 Jul 2023 23:20:32 GMT'
INFO:werkzeug:127.0.0.1 - - [11/Jul/2023 19:20:32] "POST /virtualwans HTTP/1.1" 200 -
INFO:azure.identity._internal.get_token_mixin:ClientSecretCredential.get_token succeeded
INFO:azure.core.pipeline.policies.http_logging_policy:Request URL: 'https://management.azure.com/subscriptions/c8bc39b5-8f1b-4d8e-92e3-35e2a5bb8c31/providers/Microsoft.Network/virtualHubs?api-version=REDACTED'
Request method: 'GET'
Request headers:
    'Accept': 'application/json'
    'x-ms-client-request-id': '881171b7-2041-11ee-a1bd-c4bde5b89498'
    'User-Agent': 'azsdk-python-mgmt-network/23.0.1 Python/3.10.11 (Windows-10-10.0.22621-SP0)'
    'Authorization': 'REDACTED'
No body was attached to the request
INFO:azure.core.pipeline.policies.http_logging_policy:Response status: 200
Response headers:
    'Cache-Control': 'no-cache'
    'Pragma': 'no-cache'
    'Transfer-Encoding': 'chunked'
    'Content-Type': 'application/json; charset=utf-8'
    'Content-Encoding': 'REDACTED'
    'Expires': '-1'
    'Vary': 'REDACTED'
    'x-ms-request-id': '6ed1ef97-da5e-4e40-86be-ff43cef689a0'
    'x-ms-correlation-request-id': 'REDACTED'
    'x-ms-arm-service-request-id': 'REDACTED'
    'Strict-Transport-Security': 'REDACTED'
    'Server': 'Microsoft-HTTPAPI/2.0, Microsoft-HTTPAPI/2.0'
    'x-ms-ratelimit-remaining-subscription-reads': '11999'
    'x-ms-routing-request-id': 'REDACTED'
    'X-Content-Type-Options': 'REDACTED'
    'Date': 'Tue, 11 Jul 2023 23:20:32 GMT'
INFO:werkzeug:127.0.0.1 - - [11/Jul/2023 19:20:32] "POST /vwanhubs HTTP/1.1" 200 -
